Info: Full Screen = FALSE
Info: V Sync = FALSE
Info: Show FPS = TRUE
Info: 800
Info: 600
Info: Resizing screen to: 
Info: 800
Info: 600
Info: -------------------
Info: 4xMSAA Enabled
Info: Window creation success
Info: Resizing screen to: 
Info: 800
Info: 600
Info: -------------------
Info: Resizing screen to: 
Info: 800
Info: 600
Info: -------------------
Info: Resizing screen to: 
Info: 800
Info: 600
Info: -------------------
Info: Resizing screen to: 
Info: 800
Info: 600
Info: -------------------
Info: Resizing screen to: 
Info: 1920
Info: 1200
Info: -------------------
Info: Resizing screen to: 
Info: 800
Info: 600
Info: -------------------
Info: Resizing screen to: 
Info: 800
Info: 600
Info: -------------------
Info: Resizing screen to: 
Info: 800
Info: 600
Info: -------------------
Info: Resizing screen to: 
Info: 800
Info: 600
Info: -------------------
Info: Resizing screen to: 
Info: 1161
Info: 771
Info: -------------------
Info: Resizing screen to: 
Info: 504
Info: 571
Info: -------------------
Info: Resizing screen to: 
Info: 1324
Info: 798
Info: -------------------
Info: Resizing screen to: 
Info: 1324
Info: 798
Info: -------------------
