Adapters found: 1
D3D10 Supported for device: 0
Outputs found for default adapter: 2
For interface:0
	Width: 640 Height: 480 Refresh: 60/1
	Width: 640 Height: 480 Refresh: 67/1
	Width: 640 Height: 480 Refresh: 72/1
	Width: 640 Height: 480 Refresh: 75/1
	Width: 720 Height: 480 Refresh: 56/1
	Width: 720 Height: 480 Refresh: 56/1
	Width: 720 Height: 480 Refresh: 60/1
	Width: 720 Height: 480 Refresh: 60/1
	Width: 720 Height: 480 Refresh: 72/1
	Width: 720 Height: 480 Refresh: 72/1
	Width: 720 Height: 480 Refresh: 75/1
	Width: 720 Height: 480 Refresh: 75/1
	Width: 720 Height: 576 Refresh: 56/1
	Width: 720 Height: 576 Refresh: 56/1
	Width: 720 Height: 576 Refresh: 60/1
	Width: 720 Height: 576 Refresh: 60/1
	Width: 720 Height: 576 Refresh: 72/1
	Width: 720 Height: 576 Refresh: 72/1
	Width: 720 Height: 576 Refresh: 75/1
	Width: 720 Height: 576 Refresh: 75/1
	Width: 800 Height: 600 Refresh: 56/1
	Width: 800 Height: 600 Refresh: 60/1
	Width: 800 Height: 600 Refresh: 72/1
	Width: 800 Height: 600 Refresh: 75/1
	Width: 1024 Height: 768 Refresh: 60/1
	Width: 1024 Height: 768 Refresh: 70/1
	Width: 1024 Height: 768 Refresh: 75/1
	Width: 1280 Height: 720 Refresh: 50/1
	Width: 1280 Height: 720 Refresh: 60/1
	Width: 1280 Height: 720 Refresh: 60/1
	Width: 1280 Height: 720 Refresh: 75/1
	Width: 1280 Height: 720 Refresh: 75/1
	Width: 1280 Height: 720 Refresh: 60000/1001
	Width: 1280 Height: 768 Refresh: 60/1
	Width: 1280 Height: 768 Refresh: 60/1
	Width: 1280 Height: 768 Refresh: 75/1
	Width: 1280 Height: 768 Refresh: 75/1
	Width: 1280 Height: 800 Refresh: 60/1
	Width: 1280 Height: 800 Refresh: 60/1
	Width: 1280 Height: 800 Refresh: 75/1
	Width: 1280 Height: 800 Refresh: 75/1
	Width: 1280 Height: 960 Refresh: 60/1
	Width: 1280 Height: 960 Refresh: 60/1
	Width: 1280 Height: 960 Refresh: 75/1
	Width: 1280 Height: 960 Refresh: 75/1
	Width: 1280 Height: 1024 Refresh: 60/1
	Width: 1280 Height: 1024 Refresh: 75/1
	Width: 1360 Height: 768 Refresh: 59/1
	Width: 1360 Height: 768 Refresh: 60/1
	Width: 1360 Height: 768 Refresh: 60/1
	Width: 1360 Height: 1024 Refresh: 60/1
	Width: 1360 Height: 1024 Refresh: 60/1
	Width: 1366 Height: 768 Refresh: 60/1
	Width: 1366 Height: 768 Refresh: 60/1
	Width: 1400 Height: 1050 Refresh: 59/1
	Width: 1400 Height: 1050 Refresh: 60/1
	Width: 1400 Height: 1050 Refresh: 60/1
	Width: 1440 Height: 900 Refresh: 60/1
	Width: 1600 Height: 900 Refresh: 60/1
	Width: 1600 Height: 900 Refresh: 60/1
	Width: 1600 Height: 1200 Refresh: 60/1
	Width: 1680 Height: 1050 Refresh: 60/1
	Width: 1920 Height: 1080 Refresh: 60/1
	Width: 1920 Height: 1200 Refresh: 60/1
For interface:1
	Width: 640 Height: 480 Refresh: 50/1
	Width: 640 Height: 480 Refresh: 50/1
	Width: 640 Height: 480 Refresh: 60/1
	Width: 640 Height: 480 Refresh: 67/1
	Width: 640 Height: 480 Refresh: 72/1
	Width: 640 Height: 480 Refresh: 75/1
	Width: 640 Height: 480 Refresh: 24000/1001
	Width: 640 Height: 480 Refresh: 24000/1001
	Width: 640 Height: 480 Refresh: 60000/1001
	Width: 720 Height: 480 Refresh: 50/1
	Width: 720 Height: 480 Refresh: 50/1
	Width: 720 Height: 480 Refresh: 60/1
	Width: 720 Height: 480 Refresh: 60/1
	Width: 720 Height: 480 Refresh: 60/1
	Width: 720 Height: 480 Refresh: 24000/1001
	Width: 720 Height: 480 Refresh: 24000/1001
	Width: 720 Height: 480 Refresh: 60000/1001
	Width: 720 Height: 480 Refresh: 60000/1001
	Width: 720 Height: 480 Refresh: 60000/1001
	Width: 720 Height: 576 Refresh: 50/1
	Width: 720 Height: 576 Refresh: 50/1
	Width: 720 Height: 576 Refresh: 50/1
	Width: 720 Height: 576 Refresh: 24000/1001
	Width: 720 Height: 576 Refresh: 24000/1001
	Width: 720 Height: 576 Refresh: 60000/1001
	Width: 720 Height: 576 Refresh: 60000/1001
	Width: 800 Height: 600 Refresh: 50/1
	Width: 800 Height: 600 Refresh: 50/1
	Width: 800 Height: 600 Refresh: 56/1
	Width: 800 Height: 600 Refresh: 60/1
	Width: 800 Height: 600 Refresh: 72/1
	Width: 800 Height: 600 Refresh: 75/1
	Width: 800 Height: 600 Refresh: 24000/1001
	Width: 800 Height: 600 Refresh: 24000/1001
	Width: 1024 Height: 768 Refresh: 50/1
	Width: 1024 Height: 768 Refresh: 50/1
	Width: 1024 Height: 768 Refresh: 60/1
	Width: 1024 Height: 768 Refresh: 70/1
	Width: 1024 Height: 768 Refresh: 75/1
	Width: 1024 Height: 768 Refresh: 24000/1001
	Width: 1024 Height: 768 Refresh: 24000/1001
	Width: 1152 Height: 648 Refresh: 50/1
	Width: 1152 Height: 648 Refresh: 60000/1001
	Width: 1280 Height: 720 Refresh: 50/1
	Width: 1280 Height: 720 Refresh: 60/1
	Width: 1280 Height: 720 Refresh: 24000/1001
	Width: 1280 Height: 720 Refresh: 24000/1001
	Width: 1280 Height: 720 Refresh: 60000/1001
	Width: 1280 Height: 768 Refresh: 50/1
	Width: 1280 Height: 768 Refresh: 50/1
	Width: 1280 Height: 768 Refresh: 75/1
	Width: 1280 Height: 768 Refresh: 75/1
	Width: 1280 Height: 768 Refresh: 24000/1001
	Width: 1280 Height: 768 Refresh: 24000/1001
	Width: 1280 Height: 768 Refresh: 60000/1001
	Width: 1280 Height: 768 Refresh: 60000/1001
	Width: 1280 Height: 800 Refresh: 50/1
	Width: 1280 Height: 800 Refresh: 50/1
	Width: 1280 Height: 800 Refresh: 75/1
	Width: 1280 Height: 800 Refresh: 75/1
	Width: 1280 Height: 800 Refresh: 24000/1001
	Width: 1280 Height: 800 Refresh: 24000/1001
	Width: 1280 Height: 800 Refresh: 60000/1001
	Width: 1280 Height: 800 Refresh: 60000/1001
	Width: 1280 Height: 960 Refresh: 50/1
	Width: 1280 Height: 960 Refresh: 50/1
	Width: 1280 Height: 960 Refresh: 75/1
	Width: 1280 Height: 960 Refresh: 75/1
	Width: 1280 Height: 960 Refresh: 24000/1001
	Width: 1280 Height: 960 Refresh: 24000/1001
	Width: 1280 Height: 960 Refresh: 60000/1001
	Width: 1280 Height: 960 Refresh: 60000/1001
	Width: 1280 Height: 1024 Refresh: 50/1
	Width: 1280 Height: 1024 Refresh: 50/1
	Width: 1280 Height: 1024 Refresh: 75/1
	Width: 1280 Height: 1024 Refresh: 24000/1001
	Width: 1280 Height: 1024 Refresh: 24000/1001
	Width: 1280 Height: 1024 Refresh: 60000/1001
	Width: 1280 Height: 1024 Refresh: 60000/1001
	Width: 1360 Height: 768 Refresh: 24/1
	Width: 1360 Height: 768 Refresh: 24/1
	Width: 1360 Height: 768 Refresh: 50/1
	Width: 1360 Height: 768 Refresh: 50/1
	Width: 1360 Height: 768 Refresh: 60000/1001
	Width: 1360 Height: 768 Refresh: 60000/1001
	Width: 1360 Height: 1024 Refresh: 24/1
	Width: 1360 Height: 1024 Refresh: 24/1
	Width: 1360 Height: 1024 Refresh: 50/1
	Width: 1360 Height: 1024 Refresh: 50/1
	Width: 1360 Height: 1024 Refresh: 60/1
	Width: 1360 Height: 1024 Refresh: 60/1
	Width: 1360 Height: 1024 Refresh: 24000/1001
	Width: 1360 Height: 1024 Refresh: 24000/1001
	Width: 1360 Height: 1024 Refresh: 60000/1001
	Width: 1360 Height: 1024 Refresh: 60000/1001
	Width: 1366 Height: 768 Refresh: 24/1
	Width: 1366 Height: 768 Refresh: 24/1
	Width: 1366 Height: 768 Refresh: 50/1
	Width: 1366 Height: 768 Refresh: 50/1
	Width: 1366 Height: 768 Refresh: 60000/1001
	Width: 1366 Height: 768 Refresh: 60000/1001
	Width: 1400 Height: 1050 Refresh: 24/1
	Width: 1400 Height: 1050 Refresh: 24/1
	Width: 1400 Height: 1050 Refresh: 50/1
	Width: 1400 Height: 1050 Refresh: 50/1
	Width: 1400 Height: 1050 Refresh: 60/1
	Width: 1400 Height: 1050 Refresh: 60/1
	Width: 1400 Height: 1050 Refresh: 24000/1001
	Width: 1400 Height: 1050 Refresh: 24000/1001
	Width: 1400 Height: 1050 Refresh: 60000/1001
	Width: 1400 Height: 1050 Refresh: 60000/1001
	Width: 1440 Height: 900 Refresh: 24/1
	Width: 1440 Height: 900 Refresh: 24/1
	Width: 1440 Height: 900 Refresh: 50/1
	Width: 1440 Height: 900 Refresh: 50/1
	Width: 1440 Height: 900 Refresh: 60000/1001
	Width: 1440 Height: 900 Refresh: 60000/1001
	Width: 1600 Height: 900 Refresh: 24/1
	Width: 1600 Height: 900 Refresh: 24/1
	Width: 1600 Height: 900 Refresh: 50/1
	Width: 1600 Height: 900 Refresh: 50/1
	Width: 1600 Height: 900 Refresh: 60000/1001
	Width: 1600 Height: 900 Refresh: 60000/1001
	Width: 1680 Height: 1050 Refresh: 24/1
	Width: 1680 Height: 1050 Refresh: 24/1
	Width: 1680 Height: 1050 Refresh: 50/1
	Width: 1680 Height: 1050 Refresh: 50/1
	Width: 1680 Height: 1050 Refresh: 60/1
	Width: 1680 Height: 1050 Refresh: 60/1
	Width: 1680 Height: 1050 Refresh: 24000/1001
	Width: 1680 Height: 1050 Refresh: 24000/1001
	Width: 1680 Height: 1050 Refresh: 60000/1001
	Width: 1680 Height: 1050 Refresh: 60000/1001
	Width: 1776 Height: 1000 Refresh: 24/1
	Width: 1776 Height: 1000 Refresh: 50/1
	Width: 1776 Height: 1000 Refresh: 50/1
	Width: 1776 Height: 1000 Refresh: 60000/1001
	Width: 1776 Height: 1000 Refresh: 60000/1001
	Width: 1920 Height: 1080 Refresh: 24/1
	Width: 1920 Height: 1080 Refresh: 50/1
	Width: 1920 Height: 1080 Refresh: 50/1
	Width: 1920 Height: 1080 Refresh: 60/1
	Width: 1920 Height: 1080 Refresh: 60/1
	Width: 1920 Height: 1080 Refresh: 24000/1001
	Width: 1920 Height: 1080 Refresh: 60000/1001
	Width: 1920 Height: 1080 Refresh: 60000/1001
